00:00:20.791  244  [pool-2-thread-1] DEBUG base.MyRunnable - starting MyRunnable 
00:00:21.788  1241 [pool-2-thread-1] DEBUG base.MyRunnable - stopping myRunnable
00:00:21.791  1244 [main] INFO  base.MultipleThreads - Total count G: 0.56863856 using 1061 ms
00:00:21.792  1245 [pool-3-thread-1] DEBUG base.MyRunnable - starting MyRunnable 
00:00:21.792  1245 [pool-3-thread-3] DEBUG base.MyRunnable - starting MyRunnable 
00:00:21.792  1245 [pool-3-thread-2] DEBUG base.MyRunnable - starting MyRunnable 
00:00:21.792  1245 [pool-3-thread-4] DEBUG base.MyRunnable - starting MyRunnable 
00:00:21.792  1245 [pool-3-thread-5] DEBUG base.MyRunnable - starting MyRunnable 
00:00:21.792  1245 [pool-3-thread-7] DEBUG base.MyRunnable - starting MyRunnable 
00:00:21.796  1249 [pool-3-thread-6] DEBUG base.MyRunnable - starting MyRunnable 
00:00:21.794  1247 [pool-3-thread-8] DEBUG base.MyRunnable - starting MyRunnable 
00:00:22.796  2249 [pool-3-thread-6] DEBUG base.MyRunnable - stopping myRunnable
00:00:22.796  2249 [pool-3-thread-5] DEBUG base.MyRunnable - stopping myRunnable
00:00:22.796  2249 [pool-3-thread-3] DEBUG base.MyRunnable - stopping myRunnable
00:00:22.796  2249 [main] INFO  base.MultipleThreads - Total count G: 2.3111925 using 1004 ms
00:00:22.796  2249 [pool-3-thread-7] DEBUG base.MyRunnable - stopping myRunnable
00:00:22.796  2249 [pool-3-thread-1] DEBUG base.MyRunnable - stopping myRunnable
00:00:22.796  2249 [pool-3-thread-8] DEBUG base.MyRunnable - stopping myRunnable
00:00:22.796  2249 [pool-3-thread-4] DEBUG base.MyRunnable - stopping myRunnable
00:00:22.796  2249 [pool-3-thread-2] DEBUG base.MyRunnable - stopping myRunnable
00:00:22.797  2250 [pool-4-thread-1] DEBUG base.MyRunnable - starting MyRunnable 
00:00:22.797  2250 [pool-4-thread-2] DEBUG base.MyRunnable - starting MyRunnable 
00:00:22.797  2250 [pool-4-thread-6] DEBUG base.MyRunnable - starting MyRunnable 
00:00:22.797  2250 [pool-4-thread-3] DEBUG base.MyRunnable - starting MyRunnable 
00:00:22.798  2251 [pool-4-thread-4] DEBUG base.MyRunnable - starting MyRunnable 
00:00:22.798  2251 [pool-4-thread-7] DEBUG base.MyRunnable - starting MyRunnable 
00:00:22.798  2251 [pool-4-thread-11] DEBUG base.MyRunnable - starting MyRunnable 
00:00:22.825  2278 [pool-4-thread-5] DEBUG base.MyRunnable - starting MyRunnable 
00:00:22.829  2282 [pool-4-thread-9] DEBUG base.MyRunnable - starting MyRunnable 
00:00:22.830  2283 [pool-4-thread-8] DEBUG base.MyRunnable - starting MyRunnable 
00:00:22.831  2284 [pool-4-thread-10] DEBUG base.MyRunnable - starting MyRunnable 
00:00:22.831  2284 [pool-4-thread-12] DEBUG base.MyRunnable - starting MyRunnable 
00:00:22.832  2285 [pool-4-thread-13] DEBUG base.MyRunnable - starting MyRunnable 
00:00:22.832  2285 [pool-4-thread-15] DEBUG base.MyRunnable - starting MyRunnable 
00:00:22.833  2286 [pool-4-thread-16] DEBUG base.MyRunnable - starting MyRunnable 
00:00:22.859  2312 [pool-4-thread-14] DEBUG base.MyRunnable - starting MyRunnable 
00:00:22.863  2316 [pool-4-thread-19] DEBUG base.MyRunnable - starting MyRunnable 
00:00:22.864  2317 [pool-4-thread-17] DEBUG base.MyRunnable - starting MyRunnable 
00:00:22.866  2319 [pool-4-thread-20] DEBUG base.MyRunnable - starting MyRunnable 
00:00:22.866  2319 [pool-4-thread-18] DEBUG base.MyRunnable - starting MyRunnable 
00:00:23.865  3318 [pool-4-thread-8] DEBUG base.MyRunnable - stopping myRunnable
00:00:23.865  3318 [pool-4-thread-15] DEBUG base.MyRunnable - stopping myRunnable
00:00:23.865  3318 [pool-4-thread-17] DEBUG base.MyRunnable - stopping myRunnable
00:00:23.865  3318 [pool-4-thread-2] DEBUG base.MyRunnable - stopping myRunnable
00:00:23.865  3318 [pool-4-thread-12] DEBUG base.MyRunnable - stopping myRunnable
00:00:23.865  3318 [main] INFO  base.MultipleThreads - Total count G: 2.3241465 using 1069 ms
00:00:23.865  3318 [pool-4-thread-1] DEBUG base.MyRunnable - stopping myRunnable
00:00:23.865  3318 [pool-4-thread-16] DEBUG base.MyRunnable - stopping myRunnable
00:00:23.865  3318 [pool-4-thread-19] DEBUG base.MyRunnable - stopping myRunnable
00:00:23.865  3318 [pool-4-thread-6] DEBUG base.MyRunnable - stopping myRunnable
00:00:23.865  3318 [pool-4-thread-4] DEBUG base.MyRunnable - stopping myRunnable
00:00:23.866  3319 [pool-4-thread-13] DEBUG base.MyRunnable - stopping myRunnable
00:00:23.868  3321 [pool-4-thread-7] DEBUG base.MyRunnable - stopping myRunnable
00:00:23.868  3321 [pool-4-thread-11] DEBUG base.MyRunnable - stopping myRunnable
00:00:23.869  3322 [pool-4-thread-18] DEBUG base.MyRunnable - stopping myRunnable
00:00:23.870  3323 [pool-5-thread-1] DEBUG base.MyRunnable - starting MyRunnable 
00:00:23.870  3323 [pool-5-thread-2] DEBUG base.MyRunnable - starting MyRunnable 
00:00:23.871  3324 [pool-5-thread-3] DEBUG base.MyRunnable - starting MyRunnable 
00:00:23.871  3324 [pool-5-thread-4] DEBUG base.MyRunnable - starting MyRunnable 
00:00:23.865  3318 [pool-4-thread-10] DEBUG base.MyRunnable - stopping myRunnable
00:00:23.867  3320 [pool-4-thread-14] DEBUG base.MyRunnable - stopping myRunnable
00:00:23.865  3318 [pool-4-thread-20] DEBUG base.MyRunnable - stopping myRunnable
00:00:23.866  3319 [pool-4-thread-5] DEBUG base.MyRunnable - stopping myRunnable
00:00:23.866  3319 [pool-4-thread-3] DEBUG base.MyRunnable - stopping myRunnable
00:00:23.867  3320 [pool-4-thread-9] DEBUG base.MyRunnable - stopping myRunnable
00:00:23.871  3324 [pool-5-thread-5] DEBUG base.MyRunnable - starting MyRunnable 
00:00:23.882  3335 [pool-5-thread-7] DEBUG base.MyRunnable - starting MyRunnable 
00:00:23.882  3335 [pool-5-thread-32] DEBUG base.MyRunnable - starting MyRunnable 
00:00:23.887  3340 [pool-5-thread-28] DEBUG base.MyRunnable - starting MyRunnable 
00:00:23.882  3335 [pool-5-thread-35] DEBUG base.MyRunnable - starting MyRunnable 
00:00:23.922  3375 [pool-5-thread-38] DEBUG base.MyRunnable - starting MyRunnable 
00:00:23.882  3335 [pool-5-thread-36] DEBUG base.MyRunnable - starting MyRunnable 
00:00:23.923  3376 [pool-5-thread-14] DEBUG base.MyRunnable - starting MyRunnable 
00:00:23.924  3377 [pool-5-thread-31] DEBUG base.MyRunnable - starting MyRunnable 
00:00:23.925  3378 [pool-5-thread-27] DEBUG base.MyRunnable - starting MyRunnable 
00:00:23.947  3400 [pool-5-thread-37] DEBUG base.MyRunnable - starting MyRunnable 
00:00:23.955  3408 [pool-5-thread-24] DEBUG base.MyRunnable - starting MyRunnable 
00:00:23.956  3409 [pool-5-thread-34] DEBUG base.MyRunnable - starting MyRunnable 
00:00:23.956  3409 [pool-5-thread-30] DEBUG base.MyRunnable - starting MyRunnable 
00:00:23.956  3409 [pool-5-thread-25] DEBUG base.MyRunnable - starting MyRunnable 
00:00:23.957  3410 [pool-5-thread-23] DEBUG base.MyRunnable - starting MyRunnable 
00:00:23.958  3411 [pool-5-thread-20] DEBUG base.MyRunnable - starting MyRunnable 
00:00:23.959  3412 [pool-5-thread-19] DEBUG base.MyRunnable - starting MyRunnable 
00:00:23.984  3437 [pool-5-thread-26] DEBUG base.MyRunnable - starting MyRunnable 
00:00:23.956  3409 [pool-5-thread-33] DEBUG base.MyRunnable - starting MyRunnable 
00:00:23.988  3441 [pool-5-thread-16] DEBUG base.MyRunnable - starting MyRunnable 
00:00:23.990  3443 [pool-5-thread-29] DEBUG base.MyRunnable - starting MyRunnable 
00:00:23.991  3444 [pool-5-thread-15] DEBUG base.MyRunnable - starting MyRunnable 
00:00:23.991  3444 [pool-5-thread-12] DEBUG base.MyRunnable - starting MyRunnable 
00:00:23.995  3448 [pool-5-thread-21] DEBUG base.MyRunnable - starting MyRunnable 
00:00:23.996  3449 [pool-5-thread-11] DEBUG base.MyRunnable - starting MyRunnable 
00:00:24.017  3470 [pool-5-thread-22] DEBUG base.MyRunnable - starting MyRunnable 
00:00:24.022  3475 [pool-5-thread-8] DEBUG base.MyRunnable - starting MyRunnable 
00:00:24.022  3475 [pool-5-thread-18] DEBUG base.MyRunnable - starting MyRunnable 
00:00:24.023  3476 [pool-5-thread-17] DEBUG base.MyRunnable - starting MyRunnable 
00:00:24.027  3480 [pool-5-thread-13] DEBUG base.MyRunnable - starting MyRunnable 
00:00:24.049  3502 [pool-5-thread-9] DEBUG base.MyRunnable - starting MyRunnable 
00:00:24.054  3507 [pool-5-thread-10] DEBUG base.MyRunnable - starting MyRunnable 
00:00:24.055  3508 [pool-5-thread-40] DEBUG base.MyRunnable - starting MyRunnable 
00:00:24.055  3508 [pool-5-thread-6] DEBUG base.MyRunnable - starting MyRunnable 
00:00:24.055  3508 [pool-5-thread-39] DEBUG base.MyRunnable - starting MyRunnable 
00:00:24.197  3650 [pool-5-thread-43] DEBUG base.MyRunnable - starting MyRunnable 
00:00:24.202  3655 [pool-5-thread-44] DEBUG base.MyRunnable - starting MyRunnable 
00:00:24.207  3660 [pool-5-thread-47] DEBUG base.MyRunnable - starting MyRunnable 
00:00:24.222  3675 [pool-5-thread-41] DEBUG base.MyRunnable - starting MyRunnable 
00:00:24.223  3676 [pool-5-thread-42] DEBUG base.MyRunnable - starting MyRunnable 
00:00:24.226  3679 [pool-5-thread-48] DEBUG base.MyRunnable - starting MyRunnable 
00:00:24.230  3683 [pool-5-thread-45] DEBUG base.MyRunnable - starting MyRunnable 
00:00:24.232  3685 [pool-5-thread-51] DEBUG base.MyRunnable - starting MyRunnable 
00:00:24.235  3688 [pool-5-thread-52] DEBUG base.MyRunnable - starting MyRunnable 
00:00:24.239  3692 [pool-5-thread-55] DEBUG base.MyRunnable - starting MyRunnable 
00:00:24.244  3697 [pool-5-thread-46] DEBUG base.MyRunnable - starting MyRunnable 
00:00:24.256  3709 [pool-5-thread-49] DEBUG base.MyRunnable - starting MyRunnable 
00:00:24.257  3710 [pool-5-thread-50] DEBUG base.MyRunnable - starting MyRunnable 
00:00:24.260  3713 [pool-5-thread-56] DEBUG base.MyRunnable - starting MyRunnable 
00:00:24.264  3717 [pool-5-thread-53] DEBUG base.MyRunnable - starting MyRunnable 
00:00:24.266  3719 [pool-5-thread-59] DEBUG base.MyRunnable - starting MyRunnable 
00:00:24.268  3721 [pool-5-thread-60] DEBUG base.MyRunnable - starting MyRunnable 
00:00:24.272  3725 [pool-5-thread-63] DEBUG base.MyRunnable - starting MyRunnable 
00:00:24.277  3730 [pool-5-thread-54] DEBUG base.MyRunnable - starting MyRunnable 
00:00:24.289  3742 [pool-5-thread-57] DEBUG base.MyRunnable - starting MyRunnable 
00:00:24.290  3743 [pool-5-thread-58] DEBUG base.MyRunnable - starting MyRunnable 
00:00:24.293  3746 [pool-5-thread-64] DEBUG base.MyRunnable - starting MyRunnable 
00:00:24.298  3751 [pool-5-thread-61] DEBUG base.MyRunnable - starting MyRunnable 
00:00:24.299  3752 [pool-5-thread-67] DEBUG base.MyRunnable - starting MyRunnable 
00:00:24.301  3754 [pool-5-thread-68] DEBUG base.MyRunnable - starting MyRunnable 
00:00:24.305  3758 [pool-5-thread-71] DEBUG base.MyRunnable - starting MyRunnable 
00:00:24.311  3764 [pool-5-thread-62] DEBUG base.MyRunnable - starting MyRunnable 
00:00:24.322  3775 [pool-5-thread-65] DEBUG base.MyRunnable - starting MyRunnable 
00:00:24.325  3778 [pool-5-thread-66] DEBUG base.MyRunnable - starting MyRunnable 
00:00:24.332  3785 [pool-5-thread-72] DEBUG base.MyRunnable - starting MyRunnable 
00:00:24.333  3786 [pool-5-thread-75] DEBUG base.MyRunnable - starting MyRunnable 
00:00:24.333  3786 [pool-5-thread-80] DEBUG base.MyRunnable - starting MyRunnable 
00:00:24.333  3786 [pool-5-thread-76] DEBUG base.MyRunnable - starting MyRunnable 
00:00:24.333  3786 [pool-5-thread-79] DEBUG base.MyRunnable - starting MyRunnable 
00:00:24.335  3788 [pool-5-thread-69] DEBUG base.MyRunnable - starting MyRunnable 
00:00:24.346  3799 [pool-5-thread-70] DEBUG base.MyRunnable - starting MyRunnable 
00:00:24.357  3810 [pool-5-thread-73] DEBUG base.MyRunnable - starting MyRunnable 
00:00:24.358  3811 [pool-5-thread-74] DEBUG base.MyRunnable - starting MyRunnable 
00:00:24.366  3819 [pool-5-thread-83] DEBUG base.MyRunnable - starting MyRunnable 
00:00:24.369  3822 [pool-5-thread-77] DEBUG base.MyRunnable - starting MyRunnable 
00:00:24.370  3823 [pool-5-thread-84] DEBUG base.MyRunnable - starting MyRunnable 
00:00:24.370  3823 [pool-5-thread-87] DEBUG base.MyRunnable - starting MyRunnable 
00:00:24.370  3823 [pool-5-thread-88] DEBUG base.MyRunnable - starting MyRunnable 
00:00:24.381  3834 [pool-5-thread-78] DEBUG base.MyRunnable - starting MyRunnable 
00:00:24.394  3847 [pool-5-thread-81] DEBUG base.MyRunnable - starting MyRunnable 
00:00:24.397  3850 [pool-5-thread-82] DEBUG base.MyRunnable - starting MyRunnable 
00:00:24.401  3854 [pool-5-thread-91] DEBUG base.MyRunnable - starting MyRunnable 
00:00:24.402  3855 [pool-5-thread-92] DEBUG base.MyRunnable - starting MyRunnable 
00:00:24.402  3855 [pool-5-thread-95] DEBUG base.MyRunnable - starting MyRunnable 
00:00:24.404  3857 [pool-5-thread-85] DEBUG base.MyRunnable - starting MyRunnable 
00:00:24.413  3866 [pool-5-thread-86] DEBUG base.MyRunnable - starting MyRunnable 
00:00:24.972  4425 [pool-5-thread-97] DEBUG base.MyRunnable - starting MyRunnable 
00:00:24.974  4427 [pool-5-thread-98] DEBUG base.MyRunnable - starting MyRunnable 
00:00:24.974  4427 [pool-5-thread-99] DEBUG base.MyRunnable - starting MyRunnable 
00:00:24.974  4427 [pool-5-thread-100] DEBUG base.MyRunnable - starting MyRunnable 
00:00:24.974  4427 [pool-5-thread-94] DEBUG base.MyRunnable - starting MyRunnable 
00:00:24.975  4428 [pool-5-thread-90] DEBUG base.MyRunnable - starting MyRunnable 
00:00:25.004  4457 [pool-5-thread-96] DEBUG base.MyRunnable - starting MyRunnable 
00:00:25.004  4457 [pool-5-thread-89] DEBUG base.MyRunnable - starting MyRunnable 
00:00:25.004  4457 [pool-5-thread-93] DEBUG base.MyRunnable - starting MyRunnable 
00:00:26.003  5456 [pool-5-thread-100] DEBUG base.MyRunnable - stopping myRunnable
00:00:26.004  5457 [pool-5-thread-38] DEBUG base.MyRunnable - stopping myRunnable
00:00:26.003  5456 [pool-5-thread-46] DEBUG base.MyRunnable - stopping myRunnable
00:00:26.004  5457 [pool-5-thread-5] DEBUG base.MyRunnable - stopping myRunnable
00:00:26.004  5457 [pool-5-thread-7] DEBUG base.MyRunnable - stopping myRunnable
00:00:26.004  5457 [pool-5-thread-37] DEBUG base.MyRunnable - stopping myRunnable
00:00:26.004  5457 [pool-5-thread-25] DEBUG base.MyRunnable - stopping myRunnable
00:00:26.004  5457 [pool-5-thread-95] DEBUG base.MyRunnable - stopping myRunnable
00:00:26.004  5457 [pool-5-thread-15] DEBUG base.MyRunnable - stopping myRunnable
00:00:26.004  5457 [pool-5-thread-43] DEBUG base.MyRunnable - stopping myRunnable
00:00:26.004  5457 [pool-5-thread-29] DEBUG base.MyRunnable - stopping myRunnable
00:00:26.004  5457 [pool-5-thread-34] DEBUG base.MyRunnable - stopping myRunnable
00:00:26.004  5457 [pool-5-thread-33] DEBUG base.MyRunnable - stopping myRunnable
00:00:26.004  5457 [pool-5-thread-96] DEBUG base.MyRunnable - stopping myRunnable
00:00:26.004  5457 [pool-5-thread-50] DEBUG base.MyRunnable - stopping myRunnable
00:00:26.004  5457 [pool-5-thread-52] DEBUG base.MyRunnable - stopping myRunnable
00:00:26.004  5457 [pool-5-thread-56] DEBUG base.MyRunnable - stopping myRunnable
00:00:26.004  5457 [pool-5-thread-64] DEBUG base.MyRunnable - stopping myRunnable
00:00:26.005  5458 [pool-5-thread-63] DEBUG base.MyRunnable - stopping myRunnable
00:00:26.005  5458 [pool-5-thread-60] DEBUG base.MyRunnable - stopping myRunnable
00:00:26.005  5458 [pool-5-thread-67] DEBUG base.MyRunnable - stopping myRunnable
00:00:26.005  5458 [pool-5-thread-94] DEBUG base.MyRunnable - stopping myRunnable
00:00:26.005  5458 [pool-5-thread-90] DEBUG base.MyRunnable - stopping myRunnable
00:00:26.005  5458 [pool-5-thread-68] DEBUG base.MyRunnable - stopping myRunnable
00:00:26.005  5458 [pool-5-thread-79] DEBUG base.MyRunnable - stopping myRunnable
00:00:26.005  5458 [pool-5-thread-89] DEBUG base.MyRunnable - stopping myRunnable
00:00:26.005  5458 [pool-5-thread-48] DEBUG base.MyRunnable - stopping myRunnable
00:00:26.005  5458 [pool-5-thread-87] DEBUG base.MyRunnable - stopping myRunnable
00:00:26.005  5458 [pool-5-thread-71] DEBUG base.MyRunnable - stopping myRunnable
00:00:26.005  5458 [pool-5-thread-80] DEBUG base.MyRunnable - stopping myRunnable
00:00:26.005  5458 [pool-5-thread-76] DEBUG base.MyRunnable - stopping myRunnable
00:00:26.006  5459 [pool-5-thread-58] DEBUG base.MyRunnable - stopping myRunnable
00:00:26.006  5459 [pool-5-thread-93] DEBUG base.MyRunnable - stopping myRunnable
00:00:26.006  5459 [pool-5-thread-57] DEBUG base.MyRunnable - stopping myRunnable
00:00:26.006  5459 [pool-5-thread-61] DEBUG base.MyRunnable - stopping myRunnable
00:00:26.006  5459 [pool-5-thread-83] DEBUG base.MyRunnable - stopping myRunnable
00:00:26.006  5459 [pool-5-thread-28] DEBUG base.MyRunnable - stopping myRunnable
00:00:26.006  5459 [pool-5-thread-39] DEBUG base.MyRunnable - stopping myRunnable
00:00:26.006  5459 [pool-5-thread-51] DEBUG base.MyRunnable - stopping myRunnable
00:00:26.006  5459 [pool-5-thread-55] DEBUG base.MyRunnable - stopping myRunnable
00:00:26.007  5460 [pool-5-thread-8] DEBUG base.MyRunnable - stopping myRunnable
00:00:26.007  5460 [pool-5-thread-84] DEBUG base.MyRunnable - stopping myRunnable
00:00:26.007  5460 [pool-5-thread-4] DEBUG base.MyRunnable - stopping myRunnable
00:00:26.007  5460 [pool-5-thread-40] DEBUG base.MyRunnable - stopping myRunnable
00:00:26.007  5460 [pool-5-thread-65] DEBUG base.MyRunnable - stopping myRunnable
00:00:26.007  5460 [pool-5-thread-69] DEBUG base.MyRunnable - stopping myRunnable
00:00:26.007  5460 [pool-5-thread-66] DEBUG base.MyRunnable - stopping myRunnable
00:00:26.007  5460 [pool-5-thread-31] DEBUG base.MyRunnable - stopping myRunnable
00:00:26.007  5460 [pool-5-thread-74] DEBUG base.MyRunnable - stopping myRunnable
00:00:26.007  5460 [pool-5-thread-27] DEBUG base.MyRunnable - stopping myRunnable
00:00:26.008  5461 [pool-5-thread-35] DEBUG base.MyRunnable - stopping myRunnable
00:00:26.008  5461 [pool-5-thread-97] DEBUG base.MyRunnable - stopping myRunnable
00:00:26.008  5461 [pool-5-thread-24] DEBUG base.MyRunnable - stopping myRunnable
00:00:26.008  5461 [pool-5-thread-21] DEBUG base.MyRunnable - stopping myRunnable
00:00:26.008  5461 [pool-5-thread-82] DEBUG base.MyRunnable - stopping myRunnable
00:00:26.008  5461 [pool-5-thread-41] DEBUG base.MyRunnable - stopping myRunnable
00:00:26.008  5461 [pool-5-thread-45] DEBUG base.MyRunnable - stopping myRunnable
00:00:26.008  5461 [pool-5-thread-86] DEBUG base.MyRunnable - stopping myRunnable
00:00:26.009  5462 [pool-5-thread-13] DEBUG base.MyRunnable - stopping myRunnable
00:00:26.009  5462 [pool-5-thread-85] DEBUG base.MyRunnable - stopping myRunnable
00:00:26.009  5462 [pool-5-thread-9] DEBUG base.MyRunnable - stopping myRunnable
00:00:26.009  5462 [pool-5-thread-6] DEBUG base.MyRunnable - stopping myRunnable
00:00:26.009  5462 [pool-5-thread-2] DEBUG base.MyRunnable - stopping myRunnable
00:00:26.009  5462 [pool-5-thread-10] DEBUG base.MyRunnable - stopping myRunnable
00:00:26.004  5457 [pool-5-thread-14] DEBUG base.MyRunnable - stopping myRunnable
00:00:26.008  5461 [pool-5-thread-3] DEBUG base.MyRunnable - stopping myRunnable
00:00:26.008  5461 [pool-5-thread-70] DEBUG base.MyRunnable - stopping myRunnable
00:00:26.008  5461 [pool-5-thread-77] DEBUG base.MyRunnable - stopping myRunnable
00:00:26.008  5461 [pool-5-thread-78] DEBUG base.MyRunnable - stopping myRunnable
00:00:26.007  5460 [pool-5-thread-88] DEBUG base.MyRunnable - stopping myRunnable
00:00:26.007  5460 [pool-5-thread-62] DEBUG base.MyRunnable - stopping myRunnable
00:00:26.008  5461 [pool-5-thread-73] DEBUG base.MyRunnable - stopping myRunnable
00:00:26.008  5461 [pool-5-thread-22] DEBUG base.MyRunnable - stopping myRunnable
00:00:26.008  5461 [pool-5-thread-42] DEBUG base.MyRunnable - stopping myRunnable
00:00:26.008  5461 [pool-5-thread-98] DEBUG base.MyRunnable - stopping myRunnable
00:00:26.006  5459 [pool-5-thread-17] DEBUG base.MyRunnable - stopping myRunnable
00:00:26.005  5458 [pool-5-thread-16] DEBUG base.MyRunnable - stopping myRunnable
00:00:26.008  5461 [pool-5-thread-81] DEBUG base.MyRunnable - stopping myRunnable
00:00:26.005  5458 [pool-5-thread-11] DEBUG base.MyRunnable - stopping myRunnable
00:00:26.005  5458 [pool-5-thread-75] DEBUG base.MyRunnable - stopping myRunnable
00:00:26.004  5457 [pool-5-thread-30] DEBUG base.MyRunnable - stopping myRunnable
00:00:26.004  5457 [pool-5-thread-1] DEBUG base.MyRunnable - stopping myRunnable
00:00:26.004  5457 [pool-5-thread-12] DEBUG base.MyRunnable - stopping myRunnable
00:00:26.004  5457 [pool-5-thread-49] DEBUG base.MyRunnable - stopping myRunnable
00:00:26.004  5457 [pool-5-thread-59] DEBUG base.MyRunnable - stopping myRunnable
00:00:26.005  5458 [pool-5-thread-54] DEBUG base.MyRunnable - stopping myRunnable
00:00:26.006  5459 [pool-5-thread-18] DEBUG base.MyRunnable - stopping myRunnable
00:00:26.006  5459 [pool-5-thread-32] DEBUG base.MyRunnable - stopping myRunnable
00:00:26.006  5459 [pool-5-thread-47] DEBUG base.MyRunnable - stopping myRunnable
00:00:26.004  5457 [pool-5-thread-26] DEBUG base.MyRunnable - stopping myRunnable
00:00:26.007  5460 [pool-5-thread-36] DEBUG base.MyRunnable - stopping myRunnable
00:00:26.004  5457 [main] INFO  base.MultipleThreads - Total count G: 5.811854 using 2139 ms
00:00:26.004  5457 [pool-5-thread-44] DEBUG base.MyRunnable - stopping myRunnable
00:00:26.004  5457 [pool-5-thread-53] DEBUG base.MyRunnable - stopping myRunnable
00:00:26.015  5468 [pool-5-thread-19] DEBUG base.MyRunnable - stopping myRunnable
00:00:26.016  5469 [pool-5-thread-23] DEBUG base.MyRunnable - stopping myRunnable
00:00:26.016  5469 [pool-5-thread-20] DEBUG base.MyRunnable - stopping myRunnable
00:00:26.016  5469 [pool-5-thread-92] DEBUG base.MyRunnable - stopping myRunnable
00:00:26.016  5469 [pool-5-thread-72] DEBUG base.MyRunnable - stopping myRunnable
00:00:26.016  5469 [pool-5-thread-91] DEBUG base.MyRunnable - stopping myRunnable
00:00:26.016  5469 [pool-5-thread-99] DEBUG base.MyRunnable - stopping myRunnable
00:00:26.022  5475 [pool-6-thread-1] DEBUG base.MyRunnable - starting MyRunnable 
00:00:26.022  5475 [pool-6-thread-4] DEBUG base.MyRunnable - starting MyRunnable 
00:00:26.022  5475 [pool-6-thread-2] DEBUG base.MyRunnable - starting MyRunnable 
00:00:26.022  5475 [pool-6-thread-5] DEBUG base.MyRunnable - starting MyRunnable 
00:00:26.022  5475 [pool-6-thread-6] DEBUG base.MyRunnable - starting MyRunnable 
00:00:26.024  5477 [pool-6-thread-7] DEBUG base.MyRunnable - starting MyRunnable 
00:00:26.028  5481 [pool-6-thread-8] DEBUG base.MyRunnable - starting MyRunnable 
00:00:26.022  5475 [pool-6-thread-3] DEBUG base.MyRunnable - starting MyRunnable 
00:00:26.055  5508 [pool-6-thread-9] DEBUG base.MyRunnable - starting MyRunnable 
00:00:26.055  5508 [pool-6-thread-11] DEBUG base.MyRunnable - starting MyRunnable 
00:00:26.059  5512 [pool-6-thread-10] DEBUG base.MyRunnable - starting MyRunnable 
00:00:26.061  5514 [pool-6-thread-12] DEBUG base.MyRunnable - starting MyRunnable 
00:00:26.061  5514 [pool-6-thread-13] DEBUG base.MyRunnable - starting MyRunnable 
00:00:26.062  5515 [pool-6-thread-15] DEBUG base.MyRunnable - starting MyRunnable 
00:00:26.072  5525 [pool-6-thread-16] DEBUG base.MyRunnable - starting MyRunnable 
00:00:26.085  5538 [pool-6-thread-14] DEBUG base.MyRunnable - starting MyRunnable 
00:00:26.086  5539 [pool-6-thread-19] DEBUG base.MyRunnable - starting MyRunnable 
00:00:26.087  5540 [pool-6-thread-17] DEBUG base.MyRunnable - starting MyRunnable 
00:00:26.090  5543 [pool-6-thread-18] DEBUG base.MyRunnable - starting MyRunnable 
00:00:26.093  5546 [pool-6-thread-20] DEBUG base.MyRunnable - starting MyRunnable 
00:00:26.094  5547 [pool-6-thread-23] DEBUG base.MyRunnable - starting MyRunnable 
00:00:26.096  5549 [pool-6-thread-21] DEBUG base.MyRunnable - starting MyRunnable 
00:00:26.103  5556 [pool-6-thread-24] DEBUG base.MyRunnable - starting MyRunnable 
00:00:26.117  5570 [pool-6-thread-22] DEBUG base.MyRunnable - starting MyRunnable 
00:00:26.119  5572 [pool-6-thread-27] DEBUG base.MyRunnable - starting MyRunnable 
00:00:26.120  5573 [pool-6-thread-25] DEBUG base.MyRunnable - starting MyRunnable 
00:00:26.124  5577 [pool-6-thread-26] DEBUG base.MyRunnable - starting MyRunnable 
00:00:26.127  5580 [pool-6-thread-28] DEBUG base.MyRunnable - starting MyRunnable 
00:00:26.127  5580 [pool-6-thread-31] DEBUG base.MyRunnable - starting MyRunnable 
00:00:26.130  5583 [pool-6-thread-29] DEBUG base.MyRunnable - starting MyRunnable 
00:00:26.136  5589 [pool-6-thread-32] DEBUG base.MyRunnable - starting MyRunnable 
00:00:26.149  5602 [pool-6-thread-30] DEBUG base.MyRunnable - starting MyRunnable 
00:00:26.151  5604 [pool-6-thread-35] DEBUG base.MyRunnable - starting MyRunnable 
00:00:26.152  5605 [pool-6-thread-33] DEBUG base.MyRunnable - starting MyRunnable 
00:00:26.160  5613 [pool-6-thread-36] DEBUG base.MyRunnable - starting MyRunnable 
00:00:26.162  5615 [pool-6-thread-39] DEBUG base.MyRunnable - starting MyRunnable 
00:00:26.163  5616 [pool-6-thread-34] DEBUG base.MyRunnable - starting MyRunnable 
00:00:26.164  5617 [pool-6-thread-37] DEBUG base.MyRunnable - starting MyRunnable 
00:00:26.168  5621 [pool-6-thread-40] DEBUG base.MyRunnable - starting MyRunnable 
00:00:26.182  5635 [pool-6-thread-38] DEBUG base.MyRunnable - starting MyRunnable 
00:00:26.184  5637 [pool-6-thread-43] DEBUG base.MyRunnable - starting MyRunnable 
00:00:26.184  5637 [pool-6-thread-41] DEBUG base.MyRunnable - starting MyRunnable 
00:00:26.194  5647 [pool-6-thread-47] DEBUG base.MyRunnable - starting MyRunnable 
00:00:26.194  5647 [pool-6-thread-52] DEBUG base.MyRunnable - starting MyRunnable 
00:00:26.194  5647 [pool-6-thread-51] DEBUG base.MyRunnable - starting MyRunnable 
00:00:26.194  5647 [pool-6-thread-48] DEBUG base.MyRunnable - starting MyRunnable 
00:00:26.196  5649 [pool-6-thread-42] DEBUG base.MyRunnable - starting MyRunnable 
00:00:26.194  5647 [pool-6-thread-44] DEBUG base.MyRunnable - starting MyRunnable 
00:00:26.500  5953 [pool-6-thread-71] DEBUG base.MyRunnable - starting MyRunnable 
00:00:26.500  5953 [pool-6-thread-65] DEBUG base.MyRunnable - starting MyRunnable 
00:00:26.500  5953 [pool-6-thread-49] DEBUG base.MyRunnable - starting MyRunnable 
00:00:26.500  5953 [pool-6-thread-63] DEBUG base.MyRunnable - starting MyRunnable 
00:00:26.500  5953 [pool-6-thread-60] DEBUG base.MyRunnable - starting MyRunnable 
00:00:26.500  5953 [pool-6-thread-80] DEBUG base.MyRunnable - starting MyRunnable 
00:00:26.500  5953 [pool-6-thread-85] DEBUG base.MyRunnable - starting MyRunnable 
00:00:26.500  5953 [pool-6-thread-57] DEBUG base.MyRunnable - starting MyRunnable 
00:00:26.500  5953 [pool-6-thread-68] DEBUG base.MyRunnable - starting MyRunnable 
00:00:26.500  5953 [pool-6-thread-62] DEBUG base.MyRunnable - starting MyRunnable 
00:00:26.499  5952 [pool-6-thread-82] DEBUG base.MyRunnable - starting MyRunnable 
00:00:26.501  5954 [pool-6-thread-67] DEBUG base.MyRunnable - starting MyRunnable 
00:00:26.545  5998 [pool-6-thread-91] DEBUG base.MyRunnable - starting MyRunnable 
00:00:26.499  5952 [pool-6-thread-73] DEBUG base.MyRunnable - starting MyRunnable 
00:00:26.498  5951 [pool-6-thread-54] DEBUG base.MyRunnable - starting MyRunnable 
00:00:26.499  5952 [pool-6-thread-74] DEBUG base.MyRunnable - starting MyRunnable 
00:00:26.498  5951 [pool-6-thread-89] DEBUG base.MyRunnable - starting MyRunnable 
00:00:26.499  5952 [pool-6-thread-78] DEBUG base.MyRunnable - starting MyRunnable 
00:00:26.498  5951 [pool-6-thread-86] DEBUG base.MyRunnable - starting MyRunnable 
00:00:26.499  5952 [pool-6-thread-70] DEBUG base.MyRunnable - starting MyRunnable 
00:00:26.499  5952 [pool-6-thread-97] DEBUG base.MyRunnable - starting MyRunnable 
00:00:26.498  5951 [pool-6-thread-56] DEBUG base.MyRunnable - starting MyRunnable 
00:00:26.498  5951 [pool-6-thread-72] DEBUG base.MyRunnable - starting MyRunnable 
00:00:26.498  5951 [pool-6-thread-75] DEBUG base.MyRunnable - starting MyRunnable 
00:00:26.498  5951 [pool-6-thread-50] DEBUG base.MyRunnable - starting MyRunnable 
00:00:26.499  5952 [pool-6-thread-77] DEBUG base.MyRunnable - starting MyRunnable 
00:00:26.499  5952 [pool-6-thread-81] DEBUG base.MyRunnable - starting MyRunnable 
00:00:26.498  5951 [pool-6-thread-84] DEBUG base.MyRunnable - starting MyRunnable 
00:00:26.498  5951 [pool-6-thread-79] DEBUG base.MyRunnable - starting MyRunnable 
00:00:26.498  5951 [pool-6-thread-64] DEBUG base.MyRunnable - starting MyRunnable 
00:00:26.498  5951 [pool-6-thread-76] DEBUG base.MyRunnable - starting MyRunnable 
00:00:26.498  5951 [pool-6-thread-58] DEBUG base.MyRunnable - starting MyRunnable 
00:00:26.498  5951 [pool-6-thread-53] DEBUG base.MyRunnable - starting MyRunnable 
00:00:26.498  5951 [pool-6-thread-94] DEBUG base.MyRunnable - starting MyRunnable 
00:00:26.498  5951 [pool-6-thread-90] DEBUG base.MyRunnable - starting MyRunnable 
00:00:26.498  5951 [pool-6-thread-88] DEBUG base.MyRunnable - starting MyRunnable 
00:00:26.498  5951 [pool-6-thread-87] DEBUG base.MyRunnable - starting MyRunnable 
00:00:26.498  5951 [pool-6-thread-93] DEBUG base.MyRunnable - starting MyRunnable 
00:00:26.498  5951 [pool-6-thread-98] DEBUG base.MyRunnable - starting MyRunnable 
00:00:26.498  5951 [pool-6-thread-69] DEBUG base.MyRunnable - starting MyRunnable 
00:00:26.498  5951 [pool-6-thread-96] DEBUG base.MyRunnable - starting MyRunnable 
00:00:26.498  5951 [pool-6-thread-95] DEBUG base.MyRunnable - starting MyRunnable 
00:00:26.498  5951 [pool-6-thread-59] DEBUG base.MyRunnable - starting MyRunnable 
00:00:26.498  5951 [pool-6-thread-92] DEBUG base.MyRunnable - starting MyRunnable 
00:00:26.498  5951 [pool-6-thread-99] DEBUG base.MyRunnable - starting MyRunnable 
00:00:26.498  5951 [pool-6-thread-100] DEBUG base.MyRunnable - starting MyRunnable 
00:00:26.226  5679 [pool-6-thread-55] DEBUG base.MyRunnable - starting MyRunnable 
00:00:26.203  5656 [pool-6-thread-45] DEBUG base.MyRunnable - starting MyRunnable 
00:00:26.500  5953 [pool-6-thread-66] DEBUG base.MyRunnable - starting MyRunnable 
00:00:26.500  5953 [pool-6-thread-46] DEBUG base.MyRunnable - starting MyRunnable 
00:00:26.892  6345 [pool-6-thread-83] DEBUG base.MyRunnable - starting MyRunnable 
00:00:26.893  6346 [pool-6-thread-61] DEBUG base.MyRunnable - starting MyRunnable 
00:00:27.790  7243 [pool-6-thread-66] DEBUG base.MyRunnable - stopping myRunnable
00:00:27.790  7243 [pool-6-thread-29] DEBUG base.MyRunnable - stopping myRunnable
00:00:27.790  7243 [pool-6-thread-82] DEBUG base.MyRunnable - stopping myRunnable
00:00:27.790  7243 [pool-6-thread-74] DEBUG base.MyRunnable - stopping myRunnable
00:00:27.790  7243 [pool-6-thread-46] DEBUG base.MyRunnable - stopping myRunnable
00:00:27.790  7243 [pool-6-thread-45] DEBUG base.MyRunnable - stopping myRunnable
00:00:27.790  7243 [pool-6-thread-48] DEBUG base.MyRunnable - stopping myRunnable
00:00:27.790  7243 [pool-6-thread-25] DEBUG base.MyRunnable - stopping myRunnable
00:00:27.790  7243 [pool-6-thread-71] DEBUG base.MyRunnable - stopping myRunnable
00:00:27.790  7243 [pool-6-thread-60] DEBUG base.MyRunnable - stopping myRunnable
00:00:27.790  7243 [pool-6-thread-63] DEBUG base.MyRunnable - stopping myRunnable
00:00:27.790  7243 [pool-6-thread-23] DEBUG base.MyRunnable - stopping myRunnable
00:00:27.790  7243 [pool-6-thread-62] DEBUG base.MyRunnable - stopping myRunnable
00:00:27.790  7243 [pool-6-thread-44] DEBUG base.MyRunnable - stopping myRunnable
00:00:27.796  7249 [pool-6-thread-81] DEBUG base.MyRunnable - stopping myRunnable
00:00:27.790  7243 [pool-6-thread-34] DEBUG base.MyRunnable - stopping myRunnable
00:00:27.790  7243 [pool-6-thread-30] DEBUG base.MyRunnable - stopping myRunnable
00:00:27.799  7252 [pool-6-thread-58] DEBUG base.MyRunnable - stopping myRunnable
00:00:27.790  7243 [pool-6-thread-38] DEBUG base.MyRunnable - stopping myRunnable
00:00:27.790  7243 [pool-6-thread-73] DEBUG base.MyRunnable - stopping myRunnable
00:00:27.797  7250 [pool-6-thread-37] DEBUG base.MyRunnable - stopping myRunnable
00:00:27.800  7253 [pool-6-thread-90] DEBUG base.MyRunnable - stopping myRunnable
00:00:27.797  7250 [pool-6-thread-42] DEBUG base.MyRunnable - stopping myRunnable
00:00:27.790  7243 [pool-6-thread-26] DEBUG base.MyRunnable - stopping myRunnable
00:00:27.811  7264 [main] INFO  base.MultipleThreads - Total count G: 5.3932858 using 1800 ms
00:00:27.797  7250 [pool-6-thread-6] DEBUG base.MyRunnable - stopping myRunnable
00:00:27.797  7250 [pool-6-thread-41] DEBUG base.MyRunnable - stopping myRunnable
00:00:27.797  7250 [pool-6-thread-9] DEBUG base.MyRunnable - stopping myRunnable
00:00:27.797  7250 [pool-6-thread-80] DEBUG base.MyRunnable - stopping myRunnable
00:00:27.797  7250 [pool-6-thread-68] DEBUG base.MyRunnable - stopping myRunnable
00:00:27.797  7250 [pool-6-thread-67] DEBUG base.MyRunnable - stopping myRunnable
00:00:27.797  7250 [pool-6-thread-5] DEBUG base.MyRunnable - stopping myRunnable
00:00:27.797  7250 [pool-6-thread-91] DEBUG base.MyRunnable - stopping myRunnable
00:00:27.797  7250 [pool-6-thread-40] DEBUG base.MyRunnable - stopping myRunnable
00:00:27.797  7250 [pool-6-thread-3] DEBUG base.MyRunnable - stopping myRunnable
00:00:27.797  7250 [pool-6-thread-4] DEBUG base.MyRunnable - stopping myRunnable
00:00:27.797  7250 [pool-6-thread-1] DEBUG base.MyRunnable - stopping myRunnable
00:00:27.797  7250 [pool-6-thread-47] DEBUG base.MyRunnable - stopping myRunnable
00:00:27.797  7250 [pool-6-thread-56] DEBUG base.MyRunnable - stopping myRunnable
00:00:27.797  7250 [pool-6-thread-72] DEBUG base.MyRunnable - stopping myRunnable
00:00:27.797  7250 [pool-6-thread-2] DEBUG base.MyRunnable - stopping myRunnable
00:00:27.797  7250 [pool-6-thread-75] DEBUG base.MyRunnable - stopping myRunnable
00:00:27.797  7250 [pool-6-thread-79] DEBUG base.MyRunnable - stopping myRunnable
00:00:27.797  7250 [pool-6-thread-13] DEBUG base.MyRunnable - stopping myRunnable
00:00:27.797  7250 [pool-6-thread-14] DEBUG base.MyRunnable - stopping myRunnable
00:00:27.797  7250 [pool-6-thread-10] DEBUG base.MyRunnable - stopping myRunnable
00:00:27.797  7250 [pool-6-thread-61] DEBUG base.MyRunnable - stopping myRunnable
00:00:27.797  7250 [pool-6-thread-65] DEBUG base.MyRunnable - stopping myRunnable
00:00:27.797  7250 [pool-6-thread-85] DEBUG base.MyRunnable - stopping myRunnable
00:00:27.797  7250 [pool-6-thread-84] DEBUG base.MyRunnable - stopping myRunnable
00:00:27.797  7250 [pool-6-thread-64] DEBUG base.MyRunnable - stopping myRunnable
00:00:27.797  7250 [pool-6-thread-8] DEBUG base.MyRunnable - stopping myRunnable
00:00:27.797  7250 [pool-6-thread-76] DEBUG base.MyRunnable - stopping myRunnable
00:00:27.797  7250 [pool-6-thread-51] DEBUG base.MyRunnable - stopping myRunnable
00:00:27.797  7250 [pool-6-thread-88] DEBUG base.MyRunnable - stopping myRunnable
00:00:27.797  7250 [pool-6-thread-86] DEBUG base.MyRunnable - stopping myRunnable
00:00:27.797  7250 [pool-6-thread-89] DEBUG base.MyRunnable - stopping myRunnable
00:00:27.797  7250 [pool-6-thread-95] DEBUG base.MyRunnable - stopping myRunnable
00:00:27.797  7250 [pool-6-thread-59] DEBUG base.MyRunnable - stopping myRunnable
00:00:27.797  7250 [pool-6-thread-92] DEBUG base.MyRunnable - stopping myRunnable
00:00:27.797  7250 [pool-6-thread-96] DEBUG base.MyRunnable - stopping myRunnable
00:00:27.797  7250 [pool-6-thread-99] DEBUG base.MyRunnable - stopping myRunnable
00:00:27.797  7250 [pool-6-thread-43] DEBUG base.MyRunnable - stopping myRunnable
00:00:27.797  7250 [pool-6-thread-7] DEBUG base.MyRunnable - stopping myRunnable
00:00:27.797  7250 [pool-6-thread-100] DEBUG base.MyRunnable - stopping myRunnable
00:00:27.797  7250 [pool-6-thread-55] DEBUG base.MyRunnable - stopping myRunnable
00:00:27.797  7250 [pool-6-thread-11] DEBUG base.MyRunnable - stopping myRunnable
00:00:27.797  7250 [pool-6-thread-16] DEBUG base.MyRunnable - stopping myRunnable
00:00:27.797  7250 [pool-6-thread-28] DEBUG base.MyRunnable - stopping myRunnable
00:00:27.797  7250 [pool-6-thread-31] DEBUG base.MyRunnable - stopping myRunnable
00:00:27.797  7250 [pool-6-thread-24] DEBUG base.MyRunnable - stopping myRunnable
00:00:27.797  7250 [pool-6-thread-27] DEBUG base.MyRunnable - stopping myRunnable
00:00:27.797  7250 [pool-6-thread-35] DEBUG base.MyRunnable - stopping myRunnable
00:00:27.797  7250 [pool-6-thread-36] DEBUG base.MyRunnable - stopping myRunnable
00:00:27.797  7250 [pool-6-thread-52] DEBUG base.MyRunnable - stopping myRunnable
00:00:27.797  7250 [pool-6-thread-15] DEBUG base.MyRunnable - stopping myRunnable
00:00:27.797  7250 [pool-6-thread-12] DEBUG base.MyRunnable - stopping myRunnable
00:00:27.797  7250 [pool-6-thread-32] DEBUG base.MyRunnable - stopping myRunnable
00:00:27.797  7250 [pool-6-thread-78] DEBUG base.MyRunnable - stopping myRunnable
00:00:27.797  7250 [pool-6-thread-70] DEBUG base.MyRunnable - stopping myRunnable
00:00:27.797  7250 [pool-6-thread-97] DEBUG base.MyRunnable - stopping myRunnable
00:00:27.797  7250 [pool-6-thread-50] DEBUG base.MyRunnable - stopping myRunnable
00:00:27.797  7250 [pool-6-thread-20] DEBUG base.MyRunnable - stopping myRunnable
00:00:27.797  7250 [pool-6-thread-77] DEBUG base.MyRunnable - stopping myRunnable
00:00:27.797  7250 [pool-6-thread-83] DEBUG base.MyRunnable - stopping myRunnable
00:00:27.796  7249 [pool-6-thread-19] DEBUG base.MyRunnable - stopping myRunnable
00:00:27.796  7249 [pool-6-thread-53] DEBUG base.MyRunnable - stopping myRunnable
00:00:27.796  7249 [pool-6-thread-98] DEBUG base.MyRunnable - stopping myRunnable
00:00:27.796  7249 [pool-6-thread-69] DEBUG base.MyRunnable - stopping myRunnable
00:00:27.796  7249 [pool-6-thread-39] DEBUG base.MyRunnable - stopping myRunnable
00:00:27.796  7249 [pool-6-thread-54] DEBUG base.MyRunnable - stopping myRunnable
00:00:27.796  7249 [pool-6-thread-57] DEBUG base.MyRunnable - stopping myRunnable
00:00:27.790  7243 [pool-6-thread-33] DEBUG base.MyRunnable - stopping myRunnable
00:00:27.807  7260 [pool-6-thread-49] DEBUG base.MyRunnable - stopping myRunnable
00:00:27.807  7260 [pool-6-thread-87] DEBUG base.MyRunnable - stopping myRunnable
00:00:27.807  7260 [pool-6-thread-94] DEBUG base.MyRunnable - stopping myRunnable
00:00:27.804  7257 [pool-6-thread-22] DEBUG base.MyRunnable - stopping myRunnable
00:00:27.804  7257 [pool-6-thread-21] DEBUG base.MyRunnable - stopping myRunnable
00:00:27.804  7257 [pool-6-thread-17] DEBUG base.MyRunnable - stopping myRunnable
00:00:27.803  7256 [pool-6-thread-18] DEBUG base.MyRunnable - stopping myRunnable
00:00:27.796  7249 [pool-6-thread-93] DEBUG base.MyRunnable - stopping myRunnable
00:00:57.722  1245 [main] INFO  base.MultipleThreads - Total count G: 0.5859851 using 1054 ms
00:00:58.730  2253 [main] INFO  base.MultipleThreads - Total count G: 2.4306157 using 1005 ms
00:00:59.788  3311 [main] INFO  base.MultipleThreads - Total count G: 2.6525621 using 1057 ms
00:01:01.155  4678 [main] INFO  base.MultipleThreads - Total count G: 3.540296 using 1367 ms
00:01:02.885  6408 [main] INFO  base.MultipleThreads - Total count G: 4.8571277 using 1730 ms
00:01:12.685  1250 [main] INFO  base.MultipleThreads - Total count G: 0.59200364 using 1051 ms
00:01:13.690  2255 [main] INFO  base.MultipleThreads - Total count G: 2.6562886 using 1003 ms
00:01:14.755  3320 [main] INFO  base.MultipleThreads - Total count G: 2.6959152 using 1064 ms
00:01:16.132  4697 [main] INFO  base.MultipleThreads - Total count G: 3.5012283 using 1376 ms
00:01:17.532  6097 [main] INFO  base.MultipleThreads - Total count G: 3.7304049 using 1400 ms
00:02:56.864  1255 [main] INFO  base.MultipleThreads - Total count G: 0.5857405 using 1053 ms
00:02:57.868  2259 [main] INFO  base.MultipleThreads - Total count G: 2.589848 using 1002 ms
00:02:58.937  3328 [main] INFO  base.MultipleThreads - Total count G: 2.790677 using 1061 ms
00:03:00.327  4718 [main] INFO  base.MultipleThreads - Total count G: 3.6187732 using 1389 ms
00:03:01.749  6140 [main] INFO  base.MultipleThreads - Total count G: 3.9483545 using 1421 ms
00:03:13.757  1260 [main] INFO  base.MultipleThreads - Total count G: 0.58603466 using 1054 ms
00:03:14.766  2269 [main] INFO  base.MultipleThreads - Total count G: 2.3397264 using 1006 ms
00:03:15.776  3279 [main] INFO  base.MultipleThreads - Total count G: 2.2360206 using 1010 ms
00:03:16.794  4297 [main] INFO  base.MultipleThreads - Total count G: 2.185501 using 1018 ms
00:03:17.820  5323 [main] INFO  base.MultipleThreads - Total count G: 2.1828763 using 1026 ms
